<?xml version="1.0" encoding="UTF-8"?>
<testsuite xmlns:xsi="http://www.w3.org/2001/XMLSchema-instance" xsi:noNamespaceSchemaLocation="https://maven.apache.org/surefire/maven-surefire-plugin/xsd/surefire-test-report.xsd" name="org.example.AppTest" time="0.05" tests="1" errors="0" skipped="0" failures="0">
  <properties>
    <property name="sun.desktop" value="gnome"/>
    <property name="awt.toolkit" value="sun.awt.X11.XToolkit"/>
    <property name="file.encoding.pkg" value="sun.io"/>
    <property name="java.specification.version" value="1.8"/>
    <property name="sun.cpu.isalist" value=""/>
    <property name="sun.jnu.encoding" value="UTF-8"/>
    <property name="java.class.path" value="/home/ly/gitRepository/leaf-dubbo/leaf-server/target/test-classes:/home/ly/gitRepository/leaf-dubbo/leaf-server/target/classes:/home/ly/.m2/repository/junit/junit/4.11/junit-4.11.jar:/home/ly/.m2/repository/org/hamcrest/hamcrest-core/1.3/hamcrest-core-1.3.jar:/home/ly/.m2/repository/com/alibaba/boot/dubbo-spring-boot-starter/0.2.0/dubbo-spring-boot-starter-0.2.0.jar:/home/ly/.m2/repository/org/springframework/boot/spring-boot-starter/2.0.3.RELEASE/spring-boot-starter-2.0.3.RELEASE.jar:/home/ly/.m2/repository/org/springframework/boot/spring-boot/2.0.3.RELEASE/spring-boot-2.0.3.RELEASE.jar:/home/ly/.m2/repository/org/springframework/spring-context/5.0.7.RELEASE/spring-context-5.0.7.RELEASE.jar:/home/ly/.m2/repository/org/springframework/spring-aop/5.0.7.RELEASE/spring-aop-5.0.7.RELEASE.jar:/home/ly/.m2/repository/org/springframework/spring-beans/5.0.7.RELEASE/spring-beans-5.0.7.RELEASE.jar:/home/ly/.m2/repository/org/springframework/spring-expression/5.0.7.RELEASE/spring-expression-5.0.7.RELEASE.jar:/home/ly/.m2/repository/org/springframework/boot/spring-boot-autoconfigure/2.0.3.RELEASE/spring-boot-autoconfigure-2.0.3.RELEASE.jar:/home/ly/.m2/repository/org/springframework/boot/spring-boot-starter-logging/2.0.3.RELEASE/spring-boot-starter-logging-2.0.3.RELEASE.jar:/home/ly/.m2/repository/ch/qos/logback/logback-classic/1.2.3/logback-classic-1.2.3.jar:/home/ly/.m2/repository/ch/qos/logback/logback-core/1.2.3/logback-core-1.2.3.jar:/home/ly/.m2/repository/org/apache/logging/log4j/log4j-to-slf4j/2.10.0/log4j-to-slf4j-2.10.0.jar:/home/ly/.m2/repository/org/apache/logging/log4j/log4j-api/2.10.0/log4j-api-2.10.0.jar:/home/ly/.m2/repository/org/slf4j/jul-to-slf4j/1.7.25/jul-to-slf4j-1.7.25.jar:/home/ly/.m2/repository/javax/annotation/javax.annotation-api/1.3.2/javax.annotation-api-1.3.2.jar:/home/ly/.m2/repository/org/springframework/spring-core/5.0.7.RELEASE/spring-core-5.0.7.RELEASE.jar:/home/ly/.m2/repository/org/springframework/spring-jcl/5.0.7.RELEASE/spring-jcl-5.0.7.RELEASE.jar:/home/ly/.m2/repository/org/yaml/snakeyaml/1.19/snakeyaml-1.19.jar:/home/ly/.m2/repository/org/apache/zookeeper/zookeeper/3.4.9/zookeeper-3.4.9.jar:/home/ly/.m2/repository/org/slf4j/slf4j-api/1.6.1/slf4j-api-1.6.1.jar:/home/ly/.m2/repository/jline/jline/0.9.94/jline-0.9.94.jar:/home/ly/.m2/repository/io/netty/netty/3.10.5.Final/netty-3.10.5.Final.jar:/home/ly/.m2/repository/org/apache/curator/curator-framework/2.12.0/curator-framework-2.12.0.jar:/home/ly/.m2/repository/org/apache/curator/curator-client/2.12.0/curator-client-2.12.0.jar:/home/ly/.m2/repository/com/alibaba/boot/dubbo-spring-boot-autoconfigure/0.2.0/dubbo-spring-boot-autoconfigure-0.2.0.jar:/home/ly/gitRepository/leaf-dubbo/leaf-api/target/leaf-api-1.0-SNAPSHOT.jar:/home/ly/.m2/repository/com/101tec/zkclient/0.10/zkclient-0.10.jar:/home/ly/gitRepository/leaf-dubbo/leaf-core/target/leaf-core-1.0-SNAPSHOT.jar:/home/ly/.m2/repository/org/mybatis/mybatis/3.3.0/mybatis-3.3.0.jar:/home/ly/.m2/repository/org/perf4j/perf4j/0.9.16/perf4j-0.9.16.jar:/home/ly/.m2/repository/com/google/guava/guava/25.0-jre/guava-25.0-jre.jar:/home/ly/.m2/repository/com/google/code/findbugs/jsr305/1.3.9/jsr305-1.3.9.jar:/home/ly/.m2/repository/org/checkerframework/checker-compat-qual/2.0.0/checker-compat-qual-2.0.0.jar:/home/ly/.m2/repository/com/google/errorprone/error_prone_annotations/2.1.3/error_prone_annotations-2.1.3.jar:/home/ly/.m2/repository/com/google/j2objc/j2objc-annotations/1.1/j2objc-annotations-1.1.jar:/home/ly/.m2/repository/org/codehaus/mojo/animal-sniffer-annotations/1.14/animal-sniffer-annotations-1.14.jar:/home/ly/.m2/repository/commons-io/commons-io/2.4/commons-io-2.4.jar:/home/ly/.m2/repository/org/apache/curator/curator-recipes/4.2.0/curator-recipes-4.2.0.jar:/home/ly/.m2/repository/mysql/mysql-connector-java/5.1.38/mysql-connector-java-5.1.38.jar:/home/ly/.m2/repository/com/alibaba/druid/1.1.19/druid-1.1.19.jar:/home/ly/.m2/repository/com/alibaba/dubbo/2.5.3/dubbo-2.5.3.jar:/home/ly/.m2/repository/org/springframework/spring/2.5.6.SEC03/spring-2.5.6.SEC03.jar:/home/ly/.m2/repository/commons-logging/commons-logging/1.1.1/commons-logging-1.1.1.jar:/home/ly/.m2/repository/org/javassist/javassist/3.15.0-GA/javassist-3.15.0-GA.jar:/home/ly/.m2/repository/org/jboss/netty/netty/3.2.5.Final/netty-3.2.5.Final.jar:/home/ly/.m2/repository/com/fasterxml/jackson/core/jackson-databind/2.9.5/jackson-databind-2.9.5.jar:/home/ly/.m2/repository/com/fasterxml/jackson/core/jackson-annotations/2.9.0/jackson-annotations-2.9.0.jar:/home/ly/.m2/repository/com/fasterxml/jackson/core/jackson-core/2.9.5/jackson-core-2.9.5.jar:/home/ly/.m2/repository/javax/servlet/javax.servlet-api/4.0.1/javax.servlet-api-4.0.1.jar:"/>
    <property name="java.vm.vendor" value="Oracle Corporation"/>
    <property name="sun.arch.data.model" value="64"/>
    <property name="java.vendor.url" value="http://java.oracle.com/"/>
    <property name="user.timezone" value=""/>
    <property name="java.vm.specification.version" value="1.8"/>
    <property name="os.name" value="Linux"/>
    <property name="user.country" value="CN"/>
    <property name="sun.java.launcher" value="SUN_STANDARD"/>
    <property name="sun.boot.library.path" value="/usr/java/jdk1.8/jre/lib/amd64"/>
    <property name="sun.java.command" value="/home/ly/gitRepository/leaf-dubbo/leaf-server/target/surefire/surefirebooter4023276218319396132.jar /home/ly/gitRepository/leaf-dubbo/leaf-server/target/surefire 2020-01-03T11-32-26_057-jvmRun1 surefire1490787439419611284tmp surefire_16867130976319374073tmp"/>
    <property name="surefire.test.class.path" value="/home/ly/gitRepository/leaf-dubbo/leaf-server/target/test-classes:/home/ly/gitRepository/leaf-dubbo/leaf-server/target/classes:/home/ly/.m2/repository/junit/junit/4.11/junit-4.11.jar:/home/ly/.m2/repository/org/hamcrest/hamcrest-core/1.3/hamcrest-core-1.3.jar:/home/ly/.m2/repository/com/alibaba/boot/dubbo-spring-boot-starter/0.2.0/dubbo-spring-boot-starter-0.2.0.jar:/home/ly/.m2/repository/org/springframework/boot/spring-boot-starter/2.0.3.RELEASE/spring-boot-starter-2.0.3.RELEASE.jar:/home/ly/.m2/repository/org/springframework/boot/spring-boot/2.0.3.RELEASE/spring-boot-2.0.3.RELEASE.jar:/home/ly/.m2/repository/org/springframework/spring-context/5.0.7.RELEASE/spring-context-5.0.7.RELEASE.jar:/home/ly/.m2/repository/org/springframework/spring-aop/5.0.7.RELEASE/spring-aop-5.0.7.RELEASE.jar:/home/ly/.m2/repository/org/springframework/spring-beans/5.0.7.RELEASE/spring-beans-5.0.7.RELEASE.jar:/home/ly/.m2/repository/org/springframework/spring-expression/5.0.7.RELEASE/spring-expression-5.0.7.RELEASE.jar:/home/ly/.m2/repository/org/springframework/boot/spring-boot-autoconfigure/2.0.3.RELEASE/spring-boot-autoconfigure-2.0.3.RELEASE.jar:/home/ly/.m2/repository/org/springframework/boot/spring-boot-starter-logging/2.0.3.RELEASE/spring-boot-starter-logging-2.0.3.RELEASE.jar:/home/ly/.m2/repository/ch/qos/logback/logback-classic/1.2.3/logback-classic-1.2.3.jar:/home/ly/.m2/repository/ch/qos/logback/logback-core/1.2.3/logback-core-1.2.3.jar:/home/ly/.m2/repository/org/apache/logging/log4j/log4j-to-slf4j/2.10.0/log4j-to-slf4j-2.10.0.jar:/home/ly/.m2/repository/org/apache/logging/log4j/log4j-api/2.10.0/log4j-api-2.10.0.jar:/home/ly/.m2/repository/org/slf4j/jul-to-slf4j/1.7.25/jul-to-slf4j-1.7.25.jar:/home/ly/.m2/repository/javax/annotation/javax.annotation-api/1.3.2/javax.annotation-api-1.3.2.jar:/home/ly/.m2/repository/org/springframework/spring-core/5.0.7.RELEASE/spring-core-5.0.7.RELEASE.jar:/home/ly/.m2/repository/org/springframework/spring-jcl/5.0.7.RELEASE/spring-jcl-5.0.7.RELEASE.jar:/home/ly/.m2/repository/org/yaml/snakeyaml/1.19/snakeyaml-1.19.jar:/home/ly/.m2/repository/org/apache/zookeeper/zookeeper/3.4.9/zookeeper-3.4.9.jar:/home/ly/.m2/repository/org/slf4j/slf4j-api/1.6.1/slf4j-api-1.6.1.jar:/home/ly/.m2/repository/jline/jline/0.9.94/jline-0.9.94.jar:/home/ly/.m2/repository/io/netty/netty/3.10.5.Final/netty-3.10.5.Final.jar:/home/ly/.m2/repository/org/apache/curator/curator-framework/2.12.0/curator-framework-2.12.0.jar:/home/ly/.m2/repository/org/apache/curator/curator-client/2.12.0/curator-client-2.12.0.jar:/home/ly/.m2/repository/com/alibaba/boot/dubbo-spring-boot-autoconfigure/0.2.0/dubbo-spring-boot-autoconfigure-0.2.0.jar:/home/ly/gitRepository/leaf-dubbo/leaf-api/target/leaf-api-1.0-SNAPSHOT.jar:/home/ly/.m2/repository/com/101tec/zkclient/0.10/zkclient-0.10.jar:/home/ly/gitRepository/leaf-dubbo/leaf-core/target/leaf-core-1.0-SNAPSHOT.jar:/home/ly/.m2/repository/org/mybatis/mybatis/3.3.0/mybatis-3.3.0.jar:/home/ly/.m2/repository/org/perf4j/perf4j/0.9.16/perf4j-0.9.16.jar:/home/ly/.m2/repository/com/google/guava/guava/25.0-jre/guava-25.0-jre.jar:/home/ly/.m2/repository/com/google/code/findbugs/jsr305/1.3.9/jsr305-1.3.9.jar:/home/ly/.m2/repository/org/checkerframework/checker-compat-qual/2.0.0/checker-compat-qual-2.0.0.jar:/home/ly/.m2/repository/com/google/errorprone/error_prone_annotations/2.1.3/error_prone_annotations-2.1.3.jar:/home/ly/.m2/repository/com/google/j2objc/j2objc-annotations/1.1/j2objc-annotations-1.1.jar:/home/ly/.m2/repository/org/codehaus/mojo/animal-sniffer-annotations/1.14/animal-sniffer-annotations-1.14.jar:/home/ly/.m2/repository/commons-io/commons-io/2.4/commons-io-2.4.jar:/home/ly/.m2/repository/org/apache/curator/curator-recipes/4.2.0/curator-recipes-4.2.0.jar:/home/ly/.m2/repository/mysql/mysql-connector-java/5.1.38/mysql-connector-java-5.1.38.jar:/home/ly/.m2/repository/com/alibaba/druid/1.1.19/druid-1.1.19.jar:/home/ly/.m2/repository/com/alibaba/dubbo/2.5.3/dubbo-2.5.3.jar:/home/ly/.m2/repository/org/springframework/spring/2.5.6.SEC03/spring-2.5.6.SEC03.jar:/home/ly/.m2/repository/commons-logging/commons-logging/1.1.1/commons-logging-1.1.1.jar:/home/ly/.m2/repository/org/javassist/javassist/3.15.0-GA/javassist-3.15.0-GA.jar:/home/ly/.m2/repository/org/jboss/netty/netty/3.2.5.Final/netty-3.2.5.Final.jar:/home/ly/.m2/repository/com/fasterxml/jackson/core/jackson-databind/2.9.5/jackson-databind-2.9.5.jar:/home/ly/.m2/repository/com/fasterxml/jackson/core/jackson-annotations/2.9.0/jackson-annotations-2.9.0.jar:/home/ly/.m2/repository/com/fasterxml/jackson/core/jackson-core/2.9.5/jackson-core-2.9.5.jar:/home/ly/.m2/repository/javax/servlet/javax.servlet-api/4.0.1/javax.servlet-api-4.0.1.jar:"/>
    <property name="sun.cpu.endian" value="little"/>
    <property name="user.home" value="/home/ly"/>
    <property name="user.language" value="zh"/>
    <property name="java.specification.vendor" value="Oracle Corporation"/>
    <property name="java.home" value="/usr/java/jdk1.8/jre"/>
    <property name="basedir" value="/home/ly/gitRepository/leaf-dubbo/leaf-server"/>
    <property name="file.separator" value="/"/>
    <property name="line.separator" value="&#10;"/>
    <property name="java.vm.specification.vendor" value="Oracle Corporation"/>
    <property name="java.specification.name" value="Java Platform API Specification"/>
    <property name="java.awt.graphicsenv" value="sun.awt.X11GraphicsEnvironment"/>
    <property name="surefire.real.class.path" value="/home/ly/gitRepository/leaf-dubbo/leaf-server/target/surefire/surefirebooter4023276218319396132.jar"/>
    <property name="sun.boot.class.path" value="/usr/java/jdk1.8/jre/lib/resources.jar:/usr/java/jdk1.8/jre/lib/rt.jar:/usr/java/jdk1.8/jre/lib/sunrsasign.jar:/usr/java/jdk1.8/jre/lib/jsse.jar:/usr/java/jdk1.8/jre/lib/jce.jar:/usr/java/jdk1.8/jre/lib/charsets.jar:/usr/java/jdk1.8/jre/lib/jfr.jar:/usr/java/jdk1.8/jre/classes"/>
    <property name="sun.management.compiler" value="HotSpot 64-Bit Tiered Compilers"/>
    <property name="java.runtime.version" value="1.8.0_231-b11"/>
    <property name="user.name" value="ly"/>
    <property name="path.separator" value=":"/>
    <property name="os.version" value="4.15.0-72-generic"/>
    <property name="java.endorsed.dirs" value="/usr/java/jdk1.8/jre/lib/endorsed"/>
    <property name="java.runtime.name" value="Java(TM) SE Runtime Environment"/>
    <property name="file.encoding" value="UTF-8"/>
    <property name="java.vm.name" value="Java HotSpot(TM) 64-Bit Server VM"/>
    <property name="localRepository" value="/home/ly/.m2/repository"/>
    <property name="java.vendor.url.bug" value="http://bugreport.sun.com/bugreport/"/>
    <property name="java.io.tmpdir" value="/tmp"/>
    <property name="java.version" value="1.8.0_231"/>
    <property name="user.dir" value="/home/ly/gitRepository/leaf-dubbo/leaf-server"/>
    <property name="os.arch" value="amd64"/>
    <property name="java.vm.specification.name" value="Java Virtual Machine Specification"/>
    <property name="java.awt.printerjob" value="sun.print.PSPrinterJob"/>
    <property name="idea.version2019.3.1" value="true"/>
    <property name="sun.os.patch.level" value="unknown"/>
    <property name="java.library.path" value="/usr/java/packages/lib/amd64:/usr/lib64:/lib64:/lib:/usr/lib"/>
    <property name="java.vm.info" value="mixed mode"/>
    <property name="java.vendor" value="Oracle Corporation"/>
    <property name="java.vm.version" value="25.231-b11"/>
    <property name="java.ext.dirs" value="/usr/java/jdk1.8/jre/lib/ext:/usr/java/packages/lib/ext"/>
    <property name="sun.io.unicode.encoding" value="UnicodeLittle"/>
    <property name="java.class.version" value="52.0"/>
  </properties>
  <testcase name="shouldAnswerWithTrue" classname="org.example.AppTest" time="0"/>
</testsuite>